[0.007s] Invoking command in '/home/jiehuang/ros2_ws/build/my_c_package': CMAKE_PREFIX_PATH=${CMAKE_PREFIX_PATH}:/home/jiehuang/ros2_ws/install/my_package:/opt/ros/humble CONDA_PROMPT_MODIFIER=(base) /opt/st/stm32cubeclt_1.17.0/CMake/bin/cmake --build /home/jiehuang/ros2_ws/build/my_c_package -- -j20 -l20
[0.018s] [ 50%] [32mBuilding CXX object CMakeFiles/my_c_node.dir/src/my_c_node.cpp.o[0m
[0.029s] [100%] [32m[1mLinking CXX executable my_c_node[0m
[0.046s] [100%] Built target my_c_node
[0.125s] Invoked command in '/home/jiehuang/ros2_ws/build/my_c_package' returned '0': CMAKE_PREFIX_PATH=${CMAKE_PREFIX_PATH}:/home/jiehuang/ros2_ws/install/my_package:/opt/ros/humble CONDA_PROMPT_MODIFIER=(base) /opt/st/stm32cubeclt_1.17.0/CMake/bin/cmake --build /home/jiehuang/ros2_ws/build/my_c_package -- -j20 -l20
[0.127s] Invoking command in '/home/jiehuang/ros2_ws/build/my_c_package': CMAKE_PREFIX_PATH=${CMAKE_PREFIX_PATH}:/home/jiehuang/ros2_ws/install/my_package:/opt/ros/humble CONDA_PROMPT_MODIFIER=(base) /opt/st/stm32cubeclt_1.17.0/CMake/bin/cmake --install /home/jiehuang/ros2_ws/build/my_c_package
[0.129s] -- Install configuration: ""
[0.129s] -- Installing: /home/jiehuang/ros2_ws/install/my_c_package/lib/my_c_package/my_c_node
[0.129s] -- Up-to-date: /home/jiehuang/ros2_ws/install/my_c_package/share/ament_index/resource_index/package_run_dependencies/my_c_package
[0.129s] -- Up-to-date: /home/jiehuang/ros2_ws/install/my_c_package/share/ament_index/resource_index/parent_prefix_path/my_c_package
[0.130s] -- Up-to-date: /home/jiehuang/ros2_ws/install/my_c_package/share/my_c_package/environment/ament_prefix_path.sh
[0.130s] -- Up-to-date: /home/jiehuang/ros2_ws/install/my_c_package/share/my_c_package/environment/ament_prefix_path.dsv
[0.130s] -- Up-to-date: /home/jiehuang/ros2_ws/install/my_c_package/share/my_c_package/environment/path.sh
[0.130s] -- Up-to-date: /home/jiehuang/ros2_ws/install/my_c_package/share/my_c_package/environment/path.dsv
[0.130s] -- Up-to-date: /home/jiehuang/ros2_ws/install/my_c_package/share/my_c_package/local_setup.bash
[0.130s] -- Up-to-date: /home/jiehuang/ros2_ws/install/my_c_package/share/my_c_package/local_setup.sh
[0.130s] -- Up-to-date: /home/jiehuang/ros2_ws/install/my_c_package/share/my_c_package/local_setup.zsh
[0.130s] -- Up-to-date: /home/jiehuang/ros2_ws/install/my_c_package/share/my_c_package/local_setup.dsv
[0.130s] -- Up-to-date: /home/jiehuang/ros2_ws/install/my_c_package/share/my_c_package/package.dsv
[0.130s] -- Up-to-date: /home/jiehuang/ros2_ws/install/my_c_package/share/ament_index/resource_index/packages/my_c_package
[0.130s] -- Up-to-date: /home/jiehuang/ros2_ws/install/my_c_package/share/my_c_package/cmake/my_c_packageConfig.cmake
[0.130s] -- Up-to-date: /home/jiehuang/ros2_ws/install/my_c_package/share/my_c_package/cmake/my_c_packageConfig-version.cmake
[0.130s] -- Up-to-date: /home/jiehuang/ros2_ws/install/my_c_package/share/my_c_package/package.xml
[0.131s] Invoked command in '/home/jiehuang/ros2_ws/build/my_c_package' returned '0': CMAKE_PREFIX_PATH=${CMAKE_PREFIX_PATH}:/home/jiehuang/ros2_ws/install/my_package:/opt/ros/humble CONDA_PROMPT_MODIFIER=(base) /opt/st/stm32cubeclt_1.17.0/CMake/bin/cmake --install /home/jiehuang/ros2_ws/build/my_c_package
