[0.047s] DEBUG:colcon:Command line arguments: ['/usr/bin/colcon', 'build']
[0.047s] DEBUG:colcon:Parsed command line arguments: Namespace(log_base=None, log_level=None, verb_name='build', build_base='build', install_base='install', merge_install=False, symlink_install=False, test_result_base=None, continue_on_error=False, executor='parallel', parallel_workers=20, event_handlers=None, ignore_user_meta=False, metas=['./colcon.meta'], base_paths=['.'], packages_ignore=None, packages_ignore_regex=None, paths=None, packages_up_to=None, packages_up_to_regex=None, packages_above=None, packages_above_and_dependencies=None, packages_above_depth=None, packages_select_by_dep=None, packages_skip_by_dep=None, packages_skip_up_to=None, packages_select_build_failed=False, packages_skip_build_finished=False, packages_select_test_failures=False, packages_skip_test_passed=False, packages_select=None, packages_skip=None, packages_select_regex=None, packages_skip_regex=None, packages_start=None, packages_end=None, allow_overriding=[], cmake_args=None, cmake_target=None, cmake_target_skip_unavailable=False, cmake_clean_cache=False, cmake_clean_first=False, cmake_force_configure=False, ament_cmake_args=None, catkin_cmake_args=None, catkin_skip_building_tests=False, mixin_files=None, mixin=None, verb_parser=<colcon_mixin.mixin.mixin_argument.MixinArgumentDecorator object at 0x74170c03a980>, verb_extension=<colcon_core.verb.build.BuildVerb object at 0x74170c039b10>, main=<bound method BuildVerb.main of <colcon_core.verb.build.BuildVerb object at 0x74170c039b10>>, mixin_verb=('build',))
[0.118s] Level 1:colcon.colcon_core.package_discovery:discover_packages(colcon_meta) check parameters
[0.119s] Level 1:colcon.colcon_core.package_discovery:discover_packages(recursive) check parameters
[0.119s] Level 1:colcon.colcon_core.package_discovery:discover_packages(ignore) check parameters
[0.119s] Level 1:colcon.colcon_core.package_discovery:discover_packages(path) check parameters
[0.119s] Level 1:colcon.colcon_core.package_discovery:discover_packages(colcon_meta) discover
[0.119s] Level 1:colcon.colcon_core.package_discovery:discover_packages(recursive) discover
[0.119s] INFO:colcon.colcon_core.package_discovery:Crawling recursively for packages in '/home/jiehuang/ros2_ws'
[0.119s] Level 1:colcon.colcon_core.package_identification:_identify(.) by extensions ['ignore', 'ignore_ament_install']
[0.119s] Level 1:colcon.colcon_core.package_identification:_identify(.) by extension 'ignore'
[0.119s] Level 1:colcon.colcon_core.package_identification:_identify(.) by extension 'ignore_ament_install'
[0.119s] Level 1:colcon.colcon_core.package_identification:_identify(.) by extensions ['colcon_pkg']
[0.119s] Level 1:colcon.colcon_core.package_identification:_identify(.) by extension 'colcon_pkg'
[0.119s] Level 1:colcon.colcon_core.package_identification:_identify(.) by extensions ['colcon_meta']
[0.119s] Level 1:colcon.colcon_core.package_identification:_identify(.) by extension 'colcon_meta'
[0.119s] Level 1:colcon.colcon_core.package_identification:_identify(.) by extensions ['ros']
[0.119s] Level 1:colcon.colcon_core.package_identification:_identify(.) by extension 'ros'
[0.124s] Level 1:colcon.colcon_core.package_identification:_identify(.) by extensions ['cmake', 'python']
[0.124s] Level 1:colcon.colcon_core.package_identification:_identify(.) by extension 'cmake'
[0.124s] Level 1:colcon.colcon_core.package_identification:_identify(.) by extension 'python'
[0.124s] Level 1:colcon.colcon_core.package_identification:_identify(.) by extensions ['python_setup_py']
[0.124s] Level 1:colcon.colcon_core.package_identification:_identify(.) by extension 'python_setup_py'
[0.124s] Level 1:colcon.colcon_core.package_identification:_identify(build) by extensions ['ignore', 'ignore_ament_install']
[0.124s] Level 1:colcon.colcon_core.package_identification:_identify(build) by extension 'ignore'
[0.124s] Level 1:colcon.colcon_core.package_identification:_identify(build) ignored
[0.124s] Level 1:colcon.colcon_core.package_identification:_identify(install) by extensions ['ignore', 'ignore_ament_install']
[0.124s] Level 1:colcon.colcon_core.package_identification:_identify(install) by extension 'ignore'
[0.124s] Level 1:colcon.colcon_core.package_identification:_identify(install) ignored
[0.124s] Level 1:colcon.colcon_core.package_identification:_identify(log) by extensions ['ignore', 'ignore_ament_install']
[0.124s] Level 1:colcon.colcon_core.package_identification:_identify(log) by extension 'ignore'
[0.124s] Level 1:colcon.colcon_core.package_identification:_identify(log) ignored
[0.124s] Level 1:colcon.colcon_core.package_identification:_identify(src) by extensions ['ignore', 'ignore_ament_install']
[0.124s] Level 1:colcon.colcon_core.package_identification:_identify(src) by extension 'ignore'
[0.124s] Level 1:colcon.colcon_core.package_identification:_identify(src) by extension 'ignore_ament_install'
[0.124s] Level 1:colcon.colcon_core.package_identification:_identify(src) by extensions ['colcon_pkg']
[0.124s] Level 1:colcon.colcon_core.package_identification:_identify(src) by extension 'colcon_pkg'
[0.124s] Level 1:colcon.colcon_core.package_identification:_identify(src) by extensions ['colcon_meta']
[0.124s] Level 1:colcon.colcon_core.package_identification:_identify(src) by extension 'colcon_meta'
[0.124s] Level 1:colcon.colcon_core.package_identification:_identify(src) by extensions ['ros']
[0.124s] Level 1:colcon.colcon_core.package_identification:_identify(src) by extension 'ros'
[0.124s] Level 1:colcon.colcon_core.package_identification:_identify(src) by extensions ['cmake', 'python']
[0.124s] Level 1:colcon.colcon_core.package_identification:_identify(src) by extension 'cmake'
[0.124s] Level 1:colcon.colcon_core.package_identification:_identify(src) by extension 'python'
[0.124s] Level 1:colcon.colcon_core.package_identification:_identify(src) by extensions ['python_setup_py']
[0.124s] Level 1:colcon.colcon_core.package_identification:_identify(src) by extension 'python_setup_py'
[0.124s] Level 1:colcon.colcon_core.package_identification:_identify(src/my_c_package) by extensions ['ignore', 'ignore_ament_install']
[0.124s] Level 1:colcon.colcon_core.package_identification:_identify(src/my_c_package) by extension 'ignore'
[0.124s] Level 1:colcon.colcon_core.package_identification:_identify(src/my_c_package) by extension 'ignore_ament_install'
[0.124s] Level 1:colcon.colcon_core.package_identification:_identify(src/my_c_package) by extensions ['colcon_pkg']
[0.124s] Level 1:colcon.colcon_core.package_identification:_identify(src/my_c_package) by extension 'colcon_pkg'
[0.124s] Level 1:colcon.colcon_core.package_identification:_identify(src/my_c_package) by extensions ['colcon_meta']
[0.124s] Level 1:colcon.colcon_core.package_identification:_identify(src/my_c_package) by extension 'colcon_meta'
[0.124s] Level 1:colcon.colcon_core.package_identification:_identify(src/my_c_package) by extensions ['ros']
[0.124s] Level 1:colcon.colcon_core.package_identification:_identify(src/my_c_package) by extension 'ros'
[0.126s] DEBUG:colcon.colcon_core.package_identification:Package 'src/my_c_package' with type 'ros.ament_cmake' and name 'my_c_package'
[0.126s] Level 1:colcon.colcon_core.package_identification:_identify(src/my_package) by extensions ['ignore', 'ignore_ament_install']
[0.126s] Level 1:colcon.colcon_core.package_identification:_identify(src/my_package) by extension 'ignore'
[0.126s] Level 1:colcon.colcon_core.package_identification:_identify(src/my_package) by extension 'ignore_ament_install'
[0.126s] Level 1:colcon.colcon_core.package_identification:_identify(src/my_package) by extensions ['colcon_pkg']
[0.126s] Level 1:colcon.colcon_core.package_identification:_identify(src/my_package) by extension 'colcon_pkg'
[0.126s] Level 1:colcon.colcon_core.package_identification:_identify(src/my_package) by extensions ['colcon_meta']
[0.126s] Level 1:colcon.colcon_core.package_identification:_identify(src/my_package) by extension 'colcon_meta'
[0.126s] Level 1:colcon.colcon_core.package_identification:_identify(src/my_package) by extensions ['ros']
[0.126s] Level 1:colcon.colcon_core.package_identification:_identify(src/my_package) by extension 'ros'
[0.126s] DEBUG:colcon.colcon_core.package_identification:Package 'src/my_package' with type 'ros.ament_python' and name 'my_package'
[0.126s] Level 1:colcon.colcon_core.package_discovery:discover_packages(recursive) using defaults
[0.126s] Level 1:colcon.colcon_core.package_discovery:discover_packages(ignore) discover
[0.126s] Level 1:colcon.colcon_core.package_discovery:discover_packages(ignore) using defaults
[0.126s] Level 1:colcon.colcon_core.package_discovery:discover_packages(path) discover
[0.126s] Level 1:colcon.colcon_core.package_discovery:discover_packages(path) using defaults
[0.139s] Level 1:colcon.colcon_core.package_discovery:discover_packages(prefix_path) check parameters
[0.139s] Level 1:colcon.colcon_core.package_discovery:discover_packages(prefix_path) discover
[0.140s] DEBUG:colcon.colcon_installed_package_information.package_discovery:Found 2 installed packages in /home/jiehuang/ros2_ws/install
[0.141s] DEBUG:colcon.colcon_installed_package_information.package_discovery:Found 370 installed packages in /opt/ros/humble
[0.142s] Level 1:colcon.colcon_core.package_discovery:discover_packages(prefix_path) using defaults
[0.160s] Level 5:colcon.colcon_core.verb:set package 'my_c_package' build argument 'cmake_args' from command line to 'None'
[0.160s] Level 5:colcon.colcon_core.verb:set package 'my_c_package' build argument 'cmake_target' from command line to 'None'
[0.160s] Level 5:colcon.colcon_core.verb:set package 'my_c_package' build argument 'cmake_target_skip_unavailable' from command line to 'False'
[0.160s] Level 5:colcon.colcon_core.verb:set package 'my_c_package' build argument 'cmake_clean_cache' from command line to 'False'
[0.160s] Level 5:colcon.colcon_core.verb:set package 'my_c_package' build argument 'cmake_clean_first' from command line to 'False'
[0.160s] Level 5:colcon.colcon_core.verb:set package 'my_c_package' build argument 'cmake_force_configure' from command line to 'False'
[0.160s] Level 5:colcon.colcon_core.verb:set package 'my_c_package' build argument 'ament_cmake_args' from command line to 'None'
[0.160s] Level 5:colcon.colcon_core.verb:set package 'my_c_package' build argument 'catkin_cmake_args' from command line to 'None'
[0.160s] Level 5:colcon.colcon_core.verb:set package 'my_c_package' build argument 'catkin_skip_building_tests' from command line to 'False'
[0.160s] DEBUG:colcon.colcon_core.verb:Building package 'my_c_package' with the following arguments: {'ament_cmake_args': None, 'build_base': '/home/jiehuang/ros2_ws/build/my_c_package', 'catkin_cmake_args': None, 'catkin_skip_building_tests': False, 'cmake_args': None, 'cmake_clean_cache': False, 'cmake_clean_first': False, 'cmake_force_configure': False, 'cmake_target': None, 'cmake_target_skip_unavailable': False, 'install_base': '/home/jiehuang/ros2_ws/install/my_c_package', 'merge_install': False, 'path': '/home/jiehuang/ros2_ws/src/my_c_package', 'symlink_install': False, 'test_result_base': None}
[0.160s] Level 5:colcon.colcon_core.verb:set package 'my_package' build argument 'cmake_args' from command line to 'None'
[0.160s] Level 5:colcon.colcon_core.verb:set package 'my_package' build argument 'cmake_target' from command line to 'None'
[0.160s] Level 5:colcon.colcon_core.verb:set package 'my_package' build argument 'cmake_target_skip_unavailable' from command line to 'False'
[0.160s] Level 5:colcon.colcon_core.verb:set package 'my_package' build argument 'cmake_clean_cache' from command line to 'False'
[0.160s] Level 5:colcon.colcon_core.verb:set package 'my_package' build argument 'cmake_clean_first' from command line to 'False'
[0.160s] Level 5:colcon.colcon_core.verb:set package 'my_package' build argument 'cmake_force_configure' from command line to 'False'
[0.160s] Level 5:colcon.colcon_core.verb:set package 'my_package' build argument 'ament_cmake_args' from command line to 'None'
[0.160s] Level 5:colcon.colcon_core.verb:set package 'my_package' build argument 'catkin_cmake_args' from command line to 'None'
[0.160s] Level 5:colcon.colcon_core.verb:set package 'my_package' build argument 'catkin_skip_building_tests' from command line to 'False'
[0.160s] DEBUG:colcon.colcon_core.verb:Building package 'my_package' with the following arguments: {'ament_cmake_args': None, 'build_base': '/home/jiehuang/ros2_ws/build/my_package', 'catkin_cmake_args': None, 'catkin_skip_building_tests': False, 'cmake_args': None, 'cmake_clean_cache': False, 'cmake_clean_first': False, 'cmake_force_configure': False, 'cmake_target': None, 'cmake_target_skip_unavailable': False, 'install_base': '/home/jiehuang/ros2_ws/install/my_package', 'merge_install': False, 'path': '/home/jiehuang/ros2_ws/src/my_package', 'symlink_install': False, 'test_result_base': None}
[0.161s] INFO:colcon.colcon_core.executor:Executing jobs using 'parallel' executor
[0.161s] DEBUG:colcon.colcon_parallel_executor.executor.parallel:run_until_complete
[0.161s] INFO:colcon.colcon_ros.task.ament_cmake.build:Building ROS package in '/home/jiehuang/ros2_ws/src/my_c_package' with build type 'ament_cmake'
[0.161s] INFO:colcon.colcon_cmake.task.cmake.build:Building CMake package in '/home/jiehuang/ros2_ws/src/my_c_package'
[0.162s] INFO:colcon.colcon_core.plugin_system:Skipping extension 'colcon_core.shell.bat': Not used on non-Windows systems
[0.162s] INFO:colcon.colcon_core.shell:Skip shell extension 'powershell' for command environment: Not usable outside of PowerShell
[0.162s] DEBUG:colcon.colcon_core.shell:Skip shell extension 'dsv' for command environment
[0.164s] INFO:colcon.colcon_ros.task.ament_python.build:Building ROS package in '/home/jiehuang/ros2_ws/src/my_package' with build type 'ament_python'
[0.164s] Level 1:colcon.colcon_core.shell:create_environment_hook('my_package', 'ament_prefix_path')
[0.164s] INFO:colcon.colcon_core.shell:Creating environment hook '/home/jiehuang/ros2_ws/install/my_package/share/my_package/hook/ament_prefix_path.ps1'
[0.164s] INFO:colcon.colcon_core.shell:Creating environment descriptor '/home/jiehuang/ros2_ws/install/my_package/share/my_package/hook/ament_prefix_path.dsv'
[0.164s] INFO:colcon.colcon_core.shell:Creating environment hook '/home/jiehuang/ros2_ws/install/my_package/share/my_package/hook/ament_prefix_path.sh'
[0.165s] INFO:colcon.colcon_core.shell:Skip shell extension 'powershell' for command environment: Not usable outside of PowerShell
[0.165s] DEBUG:colcon.colcon_core.shell:Skip shell extension 'dsv' for command environment
[0.168s] DEBUG:colcon.colcon_core.event_handler.log_command:Invoking command in '/home/jiehuang/ros2_ws/build/my_c_package': CMAKE_PREFIX_PATH=${CMAKE_PREFIX_PATH}:/home/jiehuang/ros2_ws/install/my_package:/opt/ros/humble CONDA_PROMPT_MODIFIER=(base) /opt/st/stm32cubeclt_1.17.0/CMake/bin/cmake --build /home/jiehuang/ros2_ws/build/my_c_package -- -j20 -l20
[0.284s] INFO:colcon.colcon_core.task.python.build:Building Python package in '/home/jiehuang/ros2_ws/src/my_package'
[0.284s] INFO:colcon.colcon_core.shell:Skip shell extension 'powershell' for command environment: Not usable outside of PowerShell
[0.284s] DEBUG:colcon.colcon_core.shell:Skip shell extension 'dsv' for command environment
[0.286s] DEBUG:colcon.colcon_core.event_handler.log_command:Invoked command in '/home/jiehuang/ros2_ws/build/my_c_package' returned '0': CMAKE_PREFIX_PATH=${CMAKE_PREFIX_PATH}:/home/jiehuang/ros2_ws/install/my_package:/opt/ros/humble CONDA_PROMPT_MODIFIER=(base) /opt/st/stm32cubeclt_1.17.0/CMake/bin/cmake --build /home/jiehuang/ros2_ws/build/my_c_package -- -j20 -l20
[0.289s] DEBUG:colcon.colcon_core.event_handler.log_command:Invoking command in '/home/jiehuang/ros2_ws/build/my_c_package': CMAKE_PREFIX_PATH=${CMAKE_PREFIX_PATH}:/home/jiehuang/ros2_ws/install/my_package:/opt/ros/humble CONDA_PROMPT_MODIFIER=(base) /opt/st/stm32cubeclt_1.17.0/CMake/bin/cmake --install /home/jiehuang/ros2_ws/build/my_c_package
[0.292s] Level 1:colcon.colcon_core.environment:create_environment_scripts_only(my_c_package)
[0.292s] DEBUG:colcon.colcon_core.event_handler.log_command:Invoked command in '/home/jiehuang/ros2_ws/build/my_c_package' returned '0': CMAKE_PREFIX_PATH=${CMAKE_PREFIX_PATH}:/home/jiehuang/ros2_ws/install/my_package:/opt/ros/humble CONDA_PROMPT_MODIFIER=(base) /opt/st/stm32cubeclt_1.17.0/CMake/bin/cmake --install /home/jiehuang/ros2_ws/build/my_c_package
[0.294s] Level 1:colcon.colcon_core.environment:checking '/home/jiehuang/ros2_ws/install/my_c_package' for CMake module files
[0.294s] Level 1:colcon.colcon_core.environment:checking '/home/jiehuang/ros2_ws/install/my_c_package' for CMake config files
[0.294s] Level 1:colcon.colcon_core.shell:create_environment_hook('my_c_package', 'cmake_prefix_path')
[0.294s] INFO:colcon.colcon_core.shell:Creating environment hook '/home/jiehuang/ros2_ws/install/my_c_package/share/my_c_package/hook/cmake_prefix_path.ps1'
[0.294s] INFO:colcon.colcon_core.shell:Creating environment descriptor '/home/jiehuang/ros2_ws/install/my_c_package/share/my_c_package/hook/cmake_prefix_path.dsv'
[0.294s] INFO:colcon.colcon_core.shell:Creating environment hook '/home/jiehuang/ros2_ws/install/my_c_package/share/my_c_package/hook/cmake_prefix_path.sh'
[0.295s] Level 1:colcon.colcon_core.environment:checking '/home/jiehuang/ros2_ws/install/my_c_package/lib'
[0.295s] Level 1:colcon.colcon_core.environment:checking '/home/jiehuang/ros2_ws/install/my_c_package/bin'
[0.295s] Level 1:colcon.colcon_core.environment:checking '/home/jiehuang/ros2_ws/install/my_c_package/lib/pkgconfig/my_c_package.pc'
[0.295s] Level 1:colcon.colcon_core.environment:checking '/home/jiehuang/ros2_ws/install/my_c_package/lib/python3.10/site-packages'
[0.295s] Level 1:colcon.colcon_core.environment:checking '/home/jiehuang/ros2_ws/install/my_c_package/bin'
[0.295s] INFO:colcon.colcon_core.shell:Creating package script '/home/jiehuang/ros2_ws/install/my_c_package/share/my_c_package/package.ps1'
[0.295s] INFO:colcon.colcon_core.shell:Creating package descriptor '/home/jiehuang/ros2_ws/install/my_c_package/share/my_c_package/package.dsv'
[0.296s] INFO:colcon.colcon_core.shell:Creating package script '/home/jiehuang/ros2_ws/install/my_c_package/share/my_c_package/package.sh'
[0.296s] INFO:colcon.colcon_core.shell:Creating package script '/home/jiehuang/ros2_ws/install/my_c_package/share/my_c_package/package.bash'
[0.296s] INFO:colcon.colcon_core.shell:Creating package script '/home/jiehuang/ros2_ws/install/my_c_package/share/my_c_package/package.zsh'
[0.297s] Level 1:colcon.colcon_core.environment:create_file_with_runtime_dependencies(/home/jiehuang/ros2_ws/install/my_c_package/share/colcon-core/packages/my_c_package)
[0.297s] Level 1:colcon.colcon_core.environment:create_environment_scripts_only(my_c_package)
[0.297s] Level 1:colcon.colcon_core.environment:checking '/home/jiehuang/ros2_ws/install/my_c_package' for CMake module files
[0.297s] Level 1:colcon.colcon_core.environment:checking '/home/jiehuang/ros2_ws/install/my_c_package' for CMake config files
[0.297s] Level 1:colcon.colcon_core.shell:create_environment_hook('my_c_package', 'cmake_prefix_path')
[0.297s] INFO:colcon.colcon_core.shell:Creating environment hook '/home/jiehuang/ros2_ws/install/my_c_package/share/my_c_package/hook/cmake_prefix_path.ps1'
[0.298s] INFO:colcon.colcon_core.shell:Creating environment descriptor '/home/jiehuang/ros2_ws/install/my_c_package/share/my_c_package/hook/cmake_prefix_path.dsv'
[0.298s] INFO:colcon.colcon_core.shell:Creating environment hook '/home/jiehuang/ros2_ws/install/my_c_package/share/my_c_package/hook/cmake_prefix_path.sh'
[0.298s] Level 1:colcon.colcon_core.environment:checking '/home/jiehuang/ros2_ws/install/my_c_package/lib'
[0.298s] Level 1:colcon.colcon_core.environment:checking '/home/jiehuang/ros2_ws/install/my_c_package/bin'
[0.298s] Level 1:colcon.colcon_core.environment:checking '/home/jiehuang/ros2_ws/install/my_c_package/lib/pkgconfig/my_c_package.pc'
[0.298s] Level 1:colcon.colcon_core.environment:checking '/home/jiehuang/ros2_ws/install/my_c_package/lib/python3.10/site-packages'
[0.298s] Level 1:colcon.colcon_core.environment:checking '/home/jiehuang/ros2_ws/install/my_c_package/bin'
[0.298s] INFO:colcon.colcon_core.shell:Creating package script '/home/jiehuang/ros2_ws/install/my_c_package/share/my_c_package/package.ps1'
[0.299s] INFO:colcon.colcon_core.shell:Creating package descriptor '/home/jiehuang/ros2_ws/install/my_c_package/share/my_c_package/package.dsv'
[0.299s] INFO:colcon.colcon_core.shell:Creating package script '/home/jiehuang/ros2_ws/install/my_c_package/share/my_c_package/package.sh'
[0.299s] INFO:colcon.colcon_core.shell:Creating package script '/home/jiehuang/ros2_ws/install/my_c_package/share/my_c_package/package.bash'
[0.299s] INFO:colcon.colcon_core.shell:Creating package script '/home/jiehuang/ros2_ws/install/my_c_package/share/my_c_package/package.zsh'
[0.299s] Level 1:colcon.colcon_core.environment:create_file_with_runtime_dependencies(/home/jiehuang/ros2_ws/install/my_c_package/share/colcon-core/packages/my_c_package)
[0.443s] DEBUG:colcon.colcon_core.event_handler.log_command:Invoking command in '/home/jiehuang/ros2_ws/src/my_package': CONDA_PROMPT_MODIFIER=(base) PYTHONPATH=/home/jiehuang/ros2_ws/build/my_package/prefix_override:/usr/lib/python3/dist-packages/colcon_core/task/python/colcon_distutils_commands:/home/jiehuang/ros2_ws/install/my_package/lib/python3.10/site-packages:${PYTHONPATH} /usr/bin/python3 -W ignore:setup.py install is deprecated -W ignore:easy_install command is deprecated setup.py egg_info --egg-base ../../build/my_package build --build-base /home/jiehuang/ros2_ws/build/my_package/build install --record /home/jiehuang/ros2_ws/build/my_package/install.log --single-version-externally-managed install_data
[0.569s] Level 1:colcon.colcon_core.environment:checking '/home/jiehuang/ros2_ws/install/my_package' for CMake module files
[0.570s] DEBUG:colcon.colcon_core.event_handler.log_command:Invoked command in '/home/jiehuang/ros2_ws/src/my_package' returned '0': CONDA_PROMPT_MODIFIER=(base) PYTHONPATH=/home/jiehuang/ros2_ws/build/my_package/prefix_override:/usr/lib/python3/dist-packages/colcon_core/task/python/colcon_distutils_commands:/home/jiehuang/ros2_ws/install/my_package/lib/python3.10/site-packages:${PYTHONPATH} /usr/bin/python3 -W ignore:setup.py install is deprecated -W ignore:easy_install command is deprecated setup.py egg_info --egg-base ../../build/my_package build --build-base /home/jiehuang/ros2_ws/build/my_package/build install --record /home/jiehuang/ros2_ws/build/my_package/install.log --single-version-externally-managed install_data
[0.570s] Level 1:colcon.colcon_core.environment:checking '/home/jiehuang/ros2_ws/install/my_package' for CMake config files
[0.570s] Level 1:colcon.colcon_core.environment:checking '/home/jiehuang/ros2_ws/install/my_package/lib'
[0.570s] Level 1:colcon.colcon_core.environment:checking '/home/jiehuang/ros2_ws/install/my_package/bin'
[0.570s] Level 1:colcon.colcon_core.environment:checking '/home/jiehuang/ros2_ws/install/my_package/lib/pkgconfig/my_package.pc'
[0.570s] Level 1:colcon.colcon_core.environment:checking '/home/jiehuang/ros2_ws/install/my_package/lib/python3.10/site-packages'
[0.570s] Level 1:colcon.colcon_core.shell:create_environment_hook('my_package', 'pythonpath')
[0.570s] INFO:colcon.colcon_core.shell:Creating environment hook '/home/jiehuang/ros2_ws/install/my_package/share/my_package/hook/pythonpath.ps1'
[0.571s] INFO:colcon.colcon_core.shell:Creating environment descriptor '/home/jiehuang/ros2_ws/install/my_package/share/my_package/hook/pythonpath.dsv'
[0.571s] INFO:colcon.colcon_core.shell:Creating environment hook '/home/jiehuang/ros2_ws/install/my_package/share/my_package/hook/pythonpath.sh'
[0.571s] Level 1:colcon.colcon_core.environment:checking '/home/jiehuang/ros2_ws/install/my_package/bin'
[0.571s] Level 1:colcon.colcon_core.environment:create_environment_scripts_only(my_package)
[0.571s] INFO:colcon.colcon_core.shell:Creating package script '/home/jiehuang/ros2_ws/install/my_package/share/my_package/package.ps1'
[0.571s] INFO:colcon.colcon_core.shell:Creating package descriptor '/home/jiehuang/ros2_ws/install/my_package/share/my_package/package.dsv'
[0.572s] INFO:colcon.colcon_core.shell:Creating package script '/home/jiehuang/ros2_ws/install/my_package/share/my_package/package.sh'
[0.572s] INFO:colcon.colcon_core.shell:Creating package script '/home/jiehuang/ros2_ws/install/my_package/share/my_package/package.bash'
[0.572s] INFO:colcon.colcon_core.shell:Creating package script '/home/jiehuang/ros2_ws/install/my_package/share/my_package/package.zsh'
[0.572s] Level 1:colcon.colcon_core.environment:create_file_with_runtime_dependencies(/home/jiehuang/ros2_ws/install/my_package/share/colcon-core/packages/my_package)
[0.572s] DEBUG:colcon.colcon_parallel_executor.executor.parallel:closing loop
[0.572s] DEBUG:colcon.colcon_parallel_executor.executor.parallel:loop closed
[0.572s] DEBUG:colcon.colcon_parallel_executor.executor.parallel:run_until_complete finished with '0'
[0.572s] DEBUG:colcon.colcon_core.event_reactor:joining thread
[0.575s] INFO:colcon.colcon_core.plugin_system:Skipping extension 'colcon_notification.desktop_notification.terminal_notifier': Not used on non-Darwin systems
[0.575s] INFO:colcon.colcon_core.plugin_system:Skipping extension 'colcon_notification.desktop_notification.win32': Not used on non-Windows systems
[0.575s] INFO:colcon.colcon_notification.desktop_notification:Sending desktop notification using 'notify2'
[0.580s] DEBUG:colcon.colcon_core.event_reactor:joined thread
[0.580s] INFO:colcon.colcon_core.shell:Creating prefix script '/home/jiehuang/ros2_ws/install/local_setup.ps1'
[0.581s] INFO:colcon.colcon_core.shell:Creating prefix util module '/home/jiehuang/ros2_ws/install/_local_setup_util_ps1.py'
[0.581s] INFO:colcon.colcon_core.shell:Creating prefix chain script '/home/jiehuang/ros2_ws/install/setup.ps1'
[0.582s] INFO:colcon.colcon_core.shell:Creating prefix script '/home/jiehuang/ros2_ws/install/local_setup.sh'
[0.582s] INFO:colcon.colcon_core.shell:Creating prefix util module '/home/jiehuang/ros2_ws/install/_local_setup_util_sh.py'
[0.582s] INFO:colcon.colcon_core.shell:Creating prefix chain script '/home/jiehuang/ros2_ws/install/setup.sh'
[0.582s] INFO:colcon.colcon_core.shell:Creating prefix script '/home/jiehuang/ros2_ws/install/local_setup.bash'
[0.582s] INFO:colcon.colcon_core.shell:Creating prefix chain script '/home/jiehuang/ros2_ws/install/setup.bash'
[0.583s] INFO:colcon.colcon_core.shell:Creating prefix script '/home/jiehuang/ros2_ws/install/local_setup.zsh'
[0.583s] INFO:colcon.colcon_core.shell:Creating prefix chain script '/home/jiehuang/ros2_ws/install/setup.zsh'
