[0.327s] Invoking command in '/home/jiehuang/ros2_ws/src/my_package': CONDA_PROMPT_MODIFIER=(base) PYTHONPATH=/home/jiehuang/ros2_ws/build/my_package/prefix_override:/usr/lib/python3/dist-packages/colcon_core/task/python/colcon_distutils_commands:/home/jiehuang/ros2_ws/install/my_package/lib/python3.10/site-packages:${PYTHONPATH} /usr/bin/python3 -W ignore:setup.py install is deprecated -W ignore:easy_install command is deprecated setup.py egg_info --egg-base ../../build/my_package build --build-base /home/jiehuang/ros2_ws/build/my_package/build install --record /home/jiehuang/ros2_ws/build/my_package/install.log --single-version-externally-managed install_data
[0.438s] running egg_info
[0.438s] creating ../../build/my_package/my_package.egg-info
[0.439s] writing ../../build/my_package/my_package.egg-info/PKG-INFO
[0.439s] writing dependency_links to ../../build/my_package/my_package.egg-info/dependency_links.txt
[0.439s] writing entry points to ../../build/my_package/my_package.egg-info/entry_points.txt
[0.439s] writing requirements to ../../build/my_package/my_package.egg-info/requires.txt
[0.439s] writing top-level names to ../../build/my_package/my_package.egg-info/top_level.txt
[0.439s] writing manifest file '../../build/my_package/my_package.egg-info/SOURCES.txt'
[0.440s] reading manifest file '../../build/my_package/my_package.egg-info/SOURCES.txt'
[0.440s] writing manifest file '../../build/my_package/my_package.egg-info/SOURCES.txt'
[0.440s] running build
[0.440s] running build_py
[0.440s] creating /home/jiehuang/ros2_ws/build/my_package/build
[0.440s] creating /home/jiehuang/ros2_ws/build/my_package/build/lib
[0.440s] creating /home/jiehuang/ros2_ws/build/my_package/build/lib/my_package
[0.440s] copying my_package/my_node.py -> /home/jiehuang/ros2_ws/build/my_package/build/lib/my_package
[0.440s] copying my_package/__init__.py -> /home/jiehuang/ros2_ws/build/my_package/build/lib/my_package
[0.440s] running install
[0.440s] running install_lib
[0.441s] creating /home/jiehuang/ros2_ws/install/my_package/lib/python3.10/site-packages/my_package
[0.441s] copying /home/jiehuang/ros2_ws/build/my_package/build/lib/my_package/my_node.py -> /home/jiehuang/ros2_ws/install/my_package/lib/python3.10/site-packages/my_package
[0.441s] copying /home/jiehuang/ros2_ws/build/my_package/build/lib/my_package/__init__.py -> /home/jiehuang/ros2_ws/install/my_package/lib/python3.10/site-packages/my_package
[0.441s] byte-compiling /home/jiehuang/ros2_ws/install/my_package/lib/python3.10/site-packages/my_package/my_node.py to my_node.cpython-310.pyc
[0.441s] byte-compiling /home/jiehuang/ros2_ws/install/my_package/lib/python3.10/site-packages/my_package/__init__.py to __init__.cpython-310.pyc
[0.441s] running install_data
[0.441s] creating /home/jiehuang/ros2_ws/install/my_package/share/ament_index
[0.441s] creating /home/jiehuang/ros2_ws/install/my_package/share/ament_index/resource_index
[0.441s] creating /home/jiehuang/ros2_ws/install/my_package/share/ament_index/resource_index/packages
[0.441s] copying resource/my_package -> /home/jiehuang/ros2_ws/install/my_package/share/ament_index/resource_index/packages
[0.441s] copying package.xml -> /home/jiehuang/ros2_ws/install/my_package/share/my_package
[0.441s] running install_egg_info
[0.442s] Copying ../../build/my_package/my_package.egg-info to /home/jiehuang/ros2_ws/install/my_package/lib/python3.10/site-packages/my_package-0.0.0-py3.10.egg-info
[0.442s] running install_scripts
[0.451s] Installing my_node script to /home/jiehuang/ros2_ws/install/my_package/lib/my_package
[0.451s] writing list of installed files to '/home/jiehuang/ros2_ws/build/my_package/install.log'
[0.461s] Invoked command in '/home/jiehuang/ros2_ws/src/my_package' returned '0': CONDA_PROMPT_MODIFIER=(base) PYTHONPATH=/home/jiehuang/ros2_ws/build/my_package/prefix_override:/usr/lib/python3/dist-packages/colcon_core/task/python/colcon_distutils_commands:/home/jiehuang/ros2_ws/install/my_package/lib/python3.10/site-packages:${PYTHONPATH} /usr/bin/python3 -W ignore:setup.py install is deprecated -W ignore:easy_install command is deprecated setup.py egg_info --egg-base ../../build/my_package build --build-base /home/jiehuang/ros2_ws/build/my_package/build install --record /home/jiehuang/ros2_ws/build/my_package/install.log --single-version-externally-managed install_data
