-- The C compiler identification is GNU 11.4.0
-- The CXX compiler identification is GNU 11.4.0
-- Detecting C compiler ABI info
-- Detecting C compiler ABI info - done
-- Check for working C compiler: /usr/bin/cc - skipped
-- Detecting C compile features
-- Detecting C compile features - done
-- Detecting CXX compiler ABI info
-- Detecting CXX compiler ABI info - done
-- Check for working CXX compiler: /usr/bin/c++ - skipped
-- Detecting CXX compile features
-- Detecting CXX compile features - done
-- Found ament_cmake: 1.3.13 (/opt/ros/humble/share/ament_cmake/cmake)
-- Found Python3: /home/jiehuang/anaconda3/bin/python3 (found version "3.12.4") found components: Interpreter 
-- Found ament_lint_auto: 0.12.15 (/opt/ros/humble/share/ament_lint_auto/cmake)
-- Added test 'cppcheck' to perform static code analysis on C / C++ code
-- Configured cppcheck include dirs: $<BUILD_INTERFACE:/home/jiehuang/ros2_ws/src/my_c_package/include>
-- Configured cppcheck exclude dirs and/or files: 
-- Added test 'lint_cmake' to check CMake code style
-- Added test 'uncrustify' to check C / C++ code style
-- Configured uncrustify additional arguments: 
-- Added test 'xmllint' to check XML markup files
-- Configuring done (0.4s)
-- Generating done (0.0s)
-- Build files have been written to: /home/jiehuang/ros2_ws/build/my_c_package
[ 50%] [32mBuilding CXX object CMakeFiles/my_c_node.dir/src/my_c_node.cpp.o[0m
[100%] [32m[1mLinking CXX executable my_c_node[0m
[100%] Built target my_c_node
-- Install configuration: ""
-- Installing: /home/jiehuang/ros2_ws/install/my_c_package/lib/my_c_package/my_c_node
-- Installing: /home/jiehuang/ros2_ws/install/my_c_package/share/ament_index/resource_index/package_run_dependencies/my_c_package
-- Installing: /home/jiehuang/ros2_ws/install/my_c_package/share/ament_index/resource_index/parent_prefix_path/my_c_package
-- Installing: /home/jiehuang/ros2_ws/install/my_c_package/share/my_c_package/environment/ament_prefix_path.sh
-- Installing: /home/jiehuang/ros2_ws/install/my_c_package/share/my_c_package/environment/ament_prefix_path.dsv
-- Installing: /home/jiehuang/ros2_ws/install/my_c_package/share/my_c_package/environment/path.sh
-- Installing: /home/jiehuang/ros2_ws/install/my_c_package/share/my_c_package/environment/path.dsv
-- Installing: /home/jiehuang/ros2_ws/install/my_c_package/share/my_c_package/local_setup.bash
-- Installing: /home/jiehuang/ros2_ws/install/my_c_package/share/my_c_package/local_setup.sh
-- Installing: /home/jiehuang/ros2_ws/install/my_c_package/share/my_c_package/local_setup.zsh
-- Installing: /home/jiehuang/ros2_ws/install/my_c_package/share/my_c_package/local_setup.dsv
-- Installing: /home/jiehuang/ros2_ws/install/my_c_package/share/my_c_package/package.dsv
-- Installing: /home/jiehuang/ros2_ws/install/my_c_package/share/ament_index/resource_index/packages/my_c_package
-- Installing: /home/jiehuang/ros2_ws/install/my_c_package/share/my_c_package/cmake/my_c_packageConfig.cmake
-- Installing: /home/jiehuang/ros2_ws/install/my_c_package/share/my_c_package/cmake/my_c_packageConfig-version.cmake
-- Installing: /home/jiehuang/ros2_ws/install/my_c_package/share/my_c_package/package.xml
