[0.006s] Invoking command in '/home/jiehuang/ros2_ws/build/my_c_package': CMAKE_PREFIX_PATH=/home/jiehuang/ros2_ws/install/my_package:/opt/ros/humble CONDA_PROMPT_MODIFIER=(base) /opt/st/stm32cubeclt_1.17.0/CMake/bin/cmake /home/jiehuang/ros2_ws/src/my_c_package -DCMAKE_INSTALL_PREFIX=/home/jiehuang/ros2_ws/install/my_c_package
[0.033s] -- The C compiler identification is GNU 11.4.0
[0.066s] -- The CXX compiler identification is GNU 11.4.0
[0.075s] -- Detecting C compiler ABI info
[0.112s] -- Detecting C compiler ABI info - done
[0.117s] -- Check for working C compiler: /usr/bin/cc - skipped
[0.117s] -- Detecting C compile features
[0.117s] -- Detecting C compile features - done
[0.123s] -- Detecting CXX compiler ABI info
[0.165s] -- Detecting CXX compiler ABI info - done
[0.171s] -- Check for working CXX compiler: /usr/bin/c++ - skipped
[0.171s] -- Detecting CXX compile features
[0.171s] -- Detecting CXX compile features - done
[0.173s] -- Found ament_cmake: 1.3.13 (/opt/ros/humble/share/ament_cmake/cmake)
[0.258s] -- Found Python3: /home/jiehuang/anaconda3/bin/python3 (found version "3.12.4") found components: Interpreter 
[0.309s] -- Found ament_lint_auto: 0.12.15 (/opt/ros/humble/share/ament_lint_auto/cmake)
[0.362s] -- Added test 'cppcheck' to perform static code analysis on C / C++ code
[0.362s] -- Configured cppcheck include dirs: $<BUILD_INTERFACE:/home/jiehuang/ros2_ws/src/my_c_package/include>
[0.363s] -- Configured cppcheck exclude dirs and/or files: 
[0.363s] -- Added test 'lint_cmake' to check CMake code style
[0.363s] -- Added test 'uncrustify' to check C / C++ code style
[0.363s] -- Configured uncrustify additional arguments: 
[0.363s] -- Added test 'xmllint' to check XML markup files
[0.364s] -- Configuring done (0.4s)
[0.366s] -- Generating done (0.0s)
[0.366s] -- Build files have been written to: /home/jiehuang/ros2_ws/build/my_c_package
[0.369s] Invoked command in '/home/jiehuang/ros2_ws/build/my_c_package' returned '0': CMAKE_PREFIX_PATH=/home/jiehuang/ros2_ws/install/my_package:/opt/ros/humble CONDA_PROMPT_MODIFIER=(base) /opt/st/stm32cubeclt_1.17.0/CMake/bin/cmake /home/jiehuang/ros2_ws/src/my_c_package -DCMAKE_INSTALL_PREFIX=/home/jiehuang/ros2_ws/install/my_c_package
[0.370s] Invoking command in '/home/jiehuang/ros2_ws/build/my_c_package': CMAKE_PREFIX_PATH=/home/jiehuang/ros2_ws/install/my_package:/opt/ros/humble CONDA_PROMPT_MODIFIER=(base) /opt/st/stm32cubeclt_1.17.0/CMake/bin/cmake --build /home/jiehuang/ros2_ws/build/my_c_package -- -j20 -l20
[0.382s] [ 50%] [32mBuilding CXX object CMakeFiles/my_c_node.dir/src/my_c_node.cpp.o[0m
[0.395s] [100%] [32m[1mLinking CXX executable my_c_node[0m
[0.416s] [100%] Built target my_c_node
[0.418s] Invoked command in '/home/jiehuang/ros2_ws/build/my_c_package' returned '0': CMAKE_PREFIX_PATH=/home/jiehuang/ros2_ws/install/my_package:/opt/ros/humble CONDA_PROMPT_MODIFIER=(base) /opt/st/stm32cubeclt_1.17.0/CMake/bin/cmake --build /home/jiehuang/ros2_ws/build/my_c_package -- -j20 -l20
[0.420s] Invoking command in '/home/jiehuang/ros2_ws/build/my_c_package': CMAKE_PREFIX_PATH=/home/jiehuang/ros2_ws/install/my_package:/opt/ros/humble CONDA_PROMPT_MODIFIER=(base) /opt/st/stm32cubeclt_1.17.0/CMake/bin/cmake --install /home/jiehuang/ros2_ws/build/my_c_package
[0.422s] -- Install configuration: ""
[0.422s] -- Installing: /home/jiehuang/ros2_ws/install/my_c_package/lib/my_c_package/my_c_node
[0.422s] -- Installing: /home/jiehuang/ros2_ws/install/my_c_package/share/ament_index/resource_index/package_run_dependencies/my_c_package
[0.422s] -- Installing: /home/jiehuang/ros2_ws/install/my_c_package/share/ament_index/resource_index/parent_prefix_path/my_c_package
[0.423s] -- Installing: /home/jiehuang/ros2_ws/install/my_c_package/share/my_c_package/environment/ament_prefix_path.sh
[0.423s] -- Installing: /home/jiehuang/ros2_ws/install/my_c_package/share/my_c_package/environment/ament_prefix_path.dsv
[0.423s] -- Installing: /home/jiehuang/ros2_ws/install/my_c_package/share/my_c_package/environment/path.sh
[0.423s] -- Installing: /home/jiehuang/ros2_ws/install/my_c_package/share/my_c_package/environment/path.dsv
[0.423s] -- Installing: /home/jiehuang/ros2_ws/install/my_c_package/share/my_c_package/local_setup.bash
[0.423s] -- Installing: /home/jiehuang/ros2_ws/install/my_c_package/share/my_c_package/local_setup.sh
[0.423s] -- Installing: /home/jiehuang/ros2_ws/install/my_c_package/share/my_c_package/local_setup.zsh
[0.423s] -- Installing: /home/jiehuang/ros2_ws/install/my_c_package/share/my_c_package/local_setup.dsv
[0.423s] -- Installing: /home/jiehuang/ros2_ws/install/my_c_package/share/my_c_package/package.dsv
[0.423s] -- Installing: /home/jiehuang/ros2_ws/install/my_c_package/share/ament_index/resource_index/packages/my_c_package
[0.423s] -- Installing: /home/jiehuang/ros2_ws/install/my_c_package/share/my_c_package/cmake/my_c_packageConfig.cmake
[0.423s] -- Installing: /home/jiehuang/ros2_ws/install/my_c_package/share/my_c_package/cmake/my_c_packageConfig-version.cmake
[0.424s] -- Installing: /home/jiehuang/ros2_ws/install/my_c_package/share/my_c_package/package.xml
[0.424s] Invoked command in '/home/jiehuang/ros2_ws/build/my_c_package' returned '0': CMAKE_PREFIX_PATH=/home/jiehuang/ros2_ws/install/my_package:/opt/ros/humble CONDA_PROMPT_MODIFIER=(base) /opt/st/stm32cubeclt_1.17.0/CMake/bin/cmake --install /home/jiehuang/ros2_ws/build/my_c_package
