[0.272s] Invoking command in '/home/jiehuang/ros2_ws/src/my_package': CONDA_PROMPT_MODIFIER=(base) PYTHONPATH=/home/jiehuang/ros2_ws/build/my_package/prefix_override:/usr/lib/python3/dist-packages/colcon_core/task/python/colcon_distutils_commands:/home/jiehuang/ros2_ws/install/my_package/lib/python3.10/site-packages:${PYTHONPATH} /usr/bin/python3 -W ignore:setup.py install is deprecated -W ignore:easy_install command is deprecated setup.py egg_info --egg-base ../../build/my_package build --build-base /home/jiehuang/ros2_ws/build/my_package/build install --record /home/jiehuang/ros2_ws/build/my_package/install.log --single-version-externally-managed install_data
[0.375s] running egg_info
[0.375s] writing ../../build/my_package/my_package.egg-info/PKG-INFO
[0.375s] writing dependency_links to ../../build/my_package/my_package.egg-info/dependency_links.txt
[0.375s] writing entry points to ../../build/my_package/my_package.egg-info/entry_points.txt
[0.375s] writing requirements to ../../build/my_package/my_package.egg-info/requires.txt
[0.375s] writing top-level names to ../../build/my_package/my_package.egg-info/top_level.txt
[0.376s] reading manifest file '../../build/my_package/my_package.egg-info/SOURCES.txt'
[0.377s] writing manifest file '../../build/my_package/my_package.egg-info/SOURCES.txt'
[0.377s] running build
[0.377s] running build_py
[0.377s] copying my_package/my_node.py -> /home/jiehuang/ros2_ws/build/my_package/build/lib/my_package
[0.377s] running install
[0.377s] running install_lib
[0.377s] copying /home/jiehuang/ros2_ws/build/my_package/build/lib/my_package/my_node.py -> /home/jiehuang/ros2_ws/install/my_package/lib/python3.10/site-packages/my_package
[0.378s] byte-compiling /home/jiehuang/ros2_ws/install/my_package/lib/python3.10/site-packages/my_package/my_node.py to my_node.cpython-310.pyc
[0.378s] running install_data
[0.378s] running install_egg_info
[0.379s] removing '/home/jiehuang/ros2_ws/install/my_package/lib/python3.10/site-packages/my_package-0.0.0-py3.10.egg-info' (and everything under it)
[0.379s] Copying ../../build/my_package/my_package.egg-info to /home/jiehuang/ros2_ws/install/my_package/lib/python3.10/site-packages/my_package-0.0.0-py3.10.egg-info
[0.379s] running install_scripts
[0.388s] Installing my_node script to /home/jiehuang/ros2_ws/install/my_package/lib/my_package
[0.388s] writing list of installed files to '/home/jiehuang/ros2_ws/build/my_package/install.log'
[0.398s] Invoked command in '/home/jiehuang/ros2_ws/src/my_package' returned '0': CONDA_PROMPT_MODIFIER=(base) PYTHONPATH=/home/jiehuang/ros2_ws/build/my_package/prefix_override:/usr/lib/python3/dist-packages/colcon_core/task/python/colcon_distutils_commands:/home/jiehuang/ros2_ws/install/my_package/lib/python3.10/site-packages:${PYTHONPATH} /usr/bin/python3 -W ignore:setup.py install is deprecated -W ignore:easy_install command is deprecated setup.py egg_info --egg-base ../../build/my_package build --build-base /home/jiehuang/ros2_ws/build/my_package/build install --record /home/jiehuang/ros2_ws/build/my_package/install.log --single-version-externally-managed install_data
